<?xml version="1.0" encoding="UTF-8"?>
<!-- Generated by org.testng.reporters.JUnitXMLReporter -->
<testsuite ignored="0" hostname="DESKTOP-9MOD7AR" failures="0" tests="4" name="Default test" time="23.193" errors="0" timestamp="2025-03-02T11:49:49 IST">
  <testcase classname="com.practiseSoftwareTesting.testcases.SignInPage_Test" name="getTitle" time="0.331"/>
  <testcase classname="com.practiseSoftwareTesting.testcases.SignInPage_Test" name="loginTest" time="5.664"/>
  <testcase classname="com.practiseSoftwareTesting.testcases.SignInPage_Test" name="loginTest" time="5.74"/>
  <testcase classname="com.practiseSoftwareTesting.testcases.SignInPage_Test" name="loginTest" time="5.804"/>
</testsuite> <!-- Default test -->
